<?xml version="1.0" encoding="UTF-8" ?>
<testsuite tests="5" failures="0" name="hellocucumber.RunCucumberTest" time="46.83" errors="0" skipped="0">
  <properties>
[...]
</properties>
  <testcase classname="Login functionality on login page" name="Verification of Correct Login" time="8.04"/>
  <testcase classname="Login functionality on login page" name="Verification of Invalid Login" time="9.151"/>
  <testcase classname="Login functionality on login page" name="Verification of Get Quote button" time="12.435"/>
  <testcase classname="Quote functionality on Quotes page" name="Verification of Life Quotes Alert" time="9.365"/>
  <testcase classname="Quote functionality on Quotes page" name="Verification of Sports Quotes Alert" time="7.839"/>
</testsuite>